Base path: 'C:/Program Files/Unity/Hub/Editor/2019.3.5f1/Editor/Data', plugins path 'C:/Program Files/Unity/Hub/Editor/2019.3.5f1/Editor/Data/PlaybackEngines'
Cmd: initializeCompiler
Cmd: preprocess
  insize=36903 outsize=1920 ok=1
Cmd: preprocess
  insize=811 outsize=209 ok=1
Cmd: preprocess
  insize=811 outsize=209 ok=1
Cmd: preprocess
  insize=811 outsize=209 ok=1
Cmd: preprocess
  insize=811 outsize=209 ok=1
Cmd: preprocess
  insize=811 outsize=209 ok=1
Cmd: preprocess
  insize=811 outsize=209 ok=1
Cmd: preprocess
  insize=811 outsize=209 ok=1
Cmd: preprocess
  insize=811 outsize=209 ok=1
Cmd: preprocess
  insize=5798 outsize=497 ok=1
Cmd: preprocess
  insize=5391 outsize=501 ok=1
Cmd: preprocess
  insize=3871 outsize=505 ok=1
Cmd: preprocess
  insize=37832 outsize=1913 ok=1
Cmd: preprocess
  insize=811 outsize=209 ok=1
Cmd: preprocess
  insize=4133 outsize=498 ok=1
Cmd: preprocess
  insize=6605 outsize=499 ok=1
Cmd: preprocess
  insize=811 outsize=209 ok=1
Cmd: preprocess
  insize=7062 outsize=496 ok=1
Cmd: preprocess
  insize=41599 outsize=1911 ok=1
Cmd: preprocess
  insize=40194 outsize=1920 ok=1
Cmd: compileSnippet
  api=4 type=0 insize=13221 outsize=706 kw= pd=UNITY_ENABLE_REFLECTION_BUFFERS UNITY_USE_DITHER_MASK_FOR_ALPHABLENDED_SHADOWS UNITY_PBS_USE_BRDF1 UNITY_SPECCUBE_BOX_PROJECTION UNITY_SPECCUBE_BLENDING UNITY_ENABLE_DETAIL_NORMALMAP SHADER_API_DESKTOP UNITY_COLORSPACE_GAMMA UNITY_LIGHT_PROBE_PROXY_VOLUME UNITY_LIGHTMAP_FULL_HDR ok=1
Cmd: preprocess
  insize=40196 outsize=1922 ok=1
Cmd: preprocess
  insize=40194 outsize=1920 ok=1
Cmd: preprocess
  insize=40196 outsize=1922 ok=1
Cmd: preprocess
  insize=40194 outsize=1920 ok=1
Cmd: preprocess
  insize=811 outsize=209 ok=1
Cmd: preprocess
  insize=811 outsize=209 ok=1
Cmd: preprocess
  insize=811 outsize=209 ok=1
Cmd: preprocess
  insize=811 outsize=209 ok=1
Cmd: preprocess
  insize=811 outsize=209 ok=1
Cmd: preprocess
  insize=811 outsize=209 ok=1
Cmd: preprocess
  insize=811 outsize=209 ok=1
Cmd: preprocess
  insize=811 outsize=209 ok=1
Cmd: preprocess
  insize=811 outsize=209 ok=1
Cmd: preprocess
  insize=811 outsize=209 ok=1
Cmd: preprocess
  insize=5798 outsize=497 ok=1
Cmd: preprocess
  insize=5391 outsize=501 ok=1
Cmd: preprocess
  insize=3871 outsize=505 ok=1
Cmd: preprocess
  insize=41599 outsize=1911 ok=1
Cmd: preprocess
  insize=6605 outsize=499 ok=1
Cmd: preprocess
  insize=7062 outsize=496 ok=1
Cmd: preprocess
  insize=3871 outsize=505 ok=1
Cmd: preprocess
  insize=41599 outsize=1911 ok=1
Cmd: preprocess
  insize=6605 outsize=499 ok=1
Cmd: preprocess
  insize=7062 outsize=496 ok=1
Cmd: preprocess
  insize=5391 outsize=501 ok=1
Cmd: preprocess
  insize=5798 outsize=497 ok=1
Cmd: preprocess
  insize=4133 outsize=498 ok=1
Cmd: preprocess
  insize=4590 outsize=495 ok=1
Cmd: preprocess
  insize=32503 outsize=1911 ok=1
Cmd: preprocess
  insize=28039 outsize=1913 ok=1
Cmd: preprocess
  insize=3522 outsize=496 ok=1
Cmd: preprocess
  insize=5003 outsize=495 ok=1
Cmd: preprocess
  insize=6193 outsize=499 ok=1
Cmd: preprocess
  insize=6650 outsize=495 ok=1
Cmd: preprocess
  insize=7063 outsize=497 ok=1
Cmd: preprocess
  insize=7031 outsize=497 ok=1
Cmd: preprocess
  insize=41479 outsize=1913 ok=1
Cmd: preprocess
  insize=40278 outsize=1921 ok=1
Cmd: preprocess
  insize=811 outsize=209 ok=1
Cmd: preprocess
  insize=811 outsize=209 ok=1
Cmd: preprocess
  insize=811 outsize=209 ok=1
Cmd: preprocess
  insize=811 outsize=209 ok=1
Cmd: preprocess
  insize=811 outsize=209 ok=1
Cmd: preprocess
  insize=811 outsize=209 ok=1
Cmd: preprocess
  insize=811 outsize=209 ok=1
Cmd: preprocess
  insize=811 outsize=209 ok=1
Cmd: preprocess
  insize=811 outsize=209 ok=1
Cmd: preprocess
  insize=811 outsize=209 ok=1
Cmd: preprocess
  insize=7031 outsize=497 ok=1
Cmd: preprocess
  insize=5391 outsize=501 ok=1
Cmd: preprocess
  insize=3871 outsize=505 ok=1
Cmd: preprocess
  insize=41479 outsize=1913 ok=1
Cmd: preprocess
  insize=6193 outsize=499 ok=1
Cmd: preprocess
  insize=6650 outsize=495 ok=1
Cmd: preprocess
  insize=3871 outsize=505 ok=1
Cmd: preprocess
  insize=41479 outsize=1913 ok=1
Cmd: preprocess
  insize=6193 outsize=499 ok=1
Cmd: preprocess
  insize=7031 outsize=497 ok=1
Cmd: preprocess
  insize=6650 outsize=495 ok=1
Cmd: preprocess
  insize=5391 outsize=501 ok=1
Cmd: compileSnippet
  api=4 type=0 insize=13080 outsize=1142 kw=UNITY_PASS_SHADOWCASTER pd=UNITY_ENABLE_REFLECTION_BUFFERS UNITY_USE_DITHER_MASK_FOR_ALPHABLENDED_SHADOWS UNITY_PBS_USE_BRDF1 UNITY_SPECCUBE_BOX_PROJECTION UNITY_SPECCUBE_BLENDING UNITY_ENABLE_DETAIL_NORMALMAP SHADER_API_DESKTOP UNITY_COLORSPACE_GAMMA UNITY_LIGHT_PROBE_PROXY_VOLUME UNITY_LIGHTMAP_FULL_HDR ok=1
Cmd: compileSnippet
  api=4 type=1 insize=13080 outsize=2978 kw=UNITY_PASS_SHADOWCASTER pd=UNITY_ENABLE_REFLECTION_BUFFERS UNITY_USE_DITHER_MASK_FOR_ALPHABLENDED_SHADOWS UNITY_PBS_USE_BRDF1 UNITY_SPECCUBE_BOX_PROJECTION UNITY_SPECCUBE_BLENDING UNITY_ENABLE_DETAIL_NORMALMAP SHADER_API_DESKTOP UNITY_COLORSPACE_GAMMA UNITY_LIGHT_PROBE_PROXY_VOLUME UNITY_LIGHTMAP_FULL_HDR ok=1
Cmd: preprocess
  insize=40278 outsize=1921 ok=1
Cmd: preprocess
  insize=811 outsize=209 ok=1
Cmd: preprocess
  insize=811 outsize=209 ok=1
Cmd: preprocess
  insize=811 outsize=209 ok=1
Cmd: preprocess
  insize=811 outsize=209 ok=1
Cmd: preprocess
  insize=811 outsize=209 ok=1
Cmd: preprocess
  insize=811 outsize=209 ok=1
Cmd: preprocess
  insize=811 outsize=209 ok=1
Cmd: preprocess
  insize=811 outsize=209 ok=1
Cmd: preprocess
  insize=811 outsize=209 ok=1
Cmd: preprocess
  insize=811 outsize=209 ok=1
Cmd: preprocess
  insize=7031 outsize=497 ok=1
Cmd: preprocess
  insize=5391 outsize=501 ok=1
Cmd: preprocess
  insize=3871 outsize=505 ok=1
Cmd: preprocess
  insize=41479 outsize=1913 ok=1
Cmd: preprocess
  insize=6193 outsize=499 ok=1
Cmd: preprocess
  insize=6650 outsize=495 ok=1
Cmd: preprocess
  insize=3871 outsize=505 ok=1
Cmd: preprocess
  insize=41479 outsize=1913 ok=1
Cmd: preprocess
  insize=6193 outsize=499 ok=1
Cmd: preprocess
  insize=7031 outsize=497 ok=1
Cmd: preprocess
  insize=6650 outsize=495 ok=1
Cmd: preprocess
  insize=5391 outsize=501 ok=1
Cmd: preprocess
  insize=811 outsize=209 ok=1
Cmd: preprocess
  insize=811 outsize=209 ok=1
Cmd: preprocess
  insize=811 outsize=209 ok=1
Cmd: preprocess
  insize=811 outsize=209 ok=1
Cmd: preprocess
  insize=811 outsize=209 ok=1
Cmd: preprocess
  insize=811 outsize=209 ok=1
Cmd: preprocess
  insize=811 outsize=209 ok=1
Cmd: preprocess
  insize=811 outsize=209 ok=1
Cmd: preprocess
  insize=811 outsize=209 ok=1
Cmd: preprocess
  insize=811 outsize=209 ok=1
Cmd: preprocess
  insize=7031 outsize=497 ok=1
Cmd: preprocess
  insize=5391 outsize=501 ok=1
Cmd: preprocess
  insize=3871 outsize=505 ok=1
Cmd: preprocess
  insize=41479 outsize=1913 ok=1
Cmd: preprocess
  insize=6193 outsize=499 ok=1
Cmd: preprocess
  insize=6650 outsize=495 ok=1
Cmd: preprocess
  insize=3871 outsize=505 ok=1
Cmd: preprocess
  insize=41479 outsize=1913 ok=1
Cmd: preprocess
  insize=6193 outsize=499 ok=1
Cmd: preprocess
  insize=7031 outsize=497 ok=1
Cmd: preprocess
  insize=6650 outsize=495 ok=1
Cmd: preprocess
  insize=5391 outsize=501 ok=1
Cmd: preprocess
  insize=40278 outsize=1921 ok=1
Cmd: preprocess
  insize=811 outsize=209 ok=1
Cmd: preprocess
  insize=811 outsize=209 ok=1
Cmd: preprocess
  insize=811 outsize=209 ok=1
Cmd: preprocess
  insize=811 outsize=209 ok=1
Cmd: preprocess
  insize=811 outsize=209 ok=1
Cmd: preprocess
  insize=811 outsize=209 ok=1
Cmd: preprocess
  insize=811 outsize=209 ok=1
Cmd: preprocess
  insize=811 outsize=209 ok=1
Cmd: preprocess
  insize=811 outsize=209 ok=1
Cmd: preprocess
  insize=811 outsize=209 ok=1
Cmd: preprocess
  insize=7031 outsize=497 ok=1
Cmd: preprocess
  insize=5391 outsize=501 ok=1
Cmd: preprocess
  insize=3871 outsize=505 ok=1
Cmd: preprocess
  insize=41479 outsize=1913 ok=1
Cmd: preprocess
  insize=6193 outsize=499 ok=1
Cmd: preprocess
  insize=6650 outsize=495 ok=1
Cmd: preprocess
  insize=3871 outsize=505 ok=1
Cmd: preprocess
  insize=41479 outsize=1913 ok=1
Cmd: preprocess
  insize=6193 outsize=499 ok=1
Cmd: preprocess
  insize=7031 outsize=497 ok=1
Cmd: preprocess
  insize=6650 outsize=495 ok=1
Cmd: preprocess
  insize=5391 outsize=501 ok=1
Cmd: preprocess
  insize=3958 outsize=563 ok=1
Cmd: preprocess
  insize=41648 outsize=1970 ok=1
Cmd: preprocess
  insize=6280 outsize=557 ok=1
Cmd: preprocess
  insize=7118 outsize=555 ok=1
Cmd: preprocess
  insize=6737 outsize=554 ok=1
Cmd: preprocess
  insize=5478 outsize=560 ok=1
Cmd: compileSnippet
  error: 1 plat 4 at (174): 'TransformObjectToWorld': implicit truncation of vector type\nCompiling Vertex program
Platform defines: UNITY_ENABLE_REFLECTION_BUFFERS UNITY_USE_DITHER_MASK_FOR_ALPHABLENDED_SHADOWS UNITY_PBS_USE_BRDF1 UNITY_SPECCUBE_BOX_PROJECTION UNITY_SPECCUBE_BLENDING UNITY_ENABLE_DETAIL_NORMALMAP SHADER_API_DESKTOP UNITY_COLORSPACE_GAMMA UNITY_LIGHT_PROBE_PROXY_VOLUME UNITY_LIGHTMAP_FULL_HDR
  api=4 type=0 insize=6900 outsize=642 kw= pd=UNITY_ENABLE_REFLECTION_BUFFERS UNITY_USE_DITHER_MASK_FOR_ALPHABLENDED_SHADOWS UNITY_PBS_USE_BRDF1 UNITY_SPECCUBE_BOX_PROJECTION UNITY_SPECCUBE_BLENDING UNITY_ENABLE_DETAIL_NORMALMAP SHADER_API_DESKTOP UNITY_COLORSPACE_GAMMA UNITY_LIGHT_PROBE_PROXY_VOLUME UNITY_LIGHTMAP_FULL_HDR ok=1
Cmd: compileSnippet
  error: 1 plat 4 at (174): 'TransformObjectToWorld': implicit truncation of vector type\nCompiling Fragment program
Platform defines: UNITY_ENABLE_REFLECTION_BUFFERS UNITY_USE_DITHER_MASK_FOR_ALPHABLENDED_SHADOWS UNITY_PBS_USE_BRDF1 UNITY_SPECCUBE_BOX_PROJECTION UNITY_SPECCUBE_BLENDING UNITY_ENABLE_DETAIL_NORMALMAP SHADER_API_DESKTOP UNITY_COLORSPACE_GAMMA UNITY_LIGHT_PROBE_PROXY_VOLUME UNITY_LIGHTMAP_FULL_HDR
  api=4 type=1 insize=6900 outsize=3130 kw= pd=UNITY_ENABLE_REFLECTION_BUFFERS UNITY_USE_DITHER_MASK_FOR_ALPHABLENDED_SHADOWS UNITY_PBS_USE_BRDF1 UNITY_SPECCUBE_BOX_PROJECTION UNITY_SPECCUBE_BLENDING UNITY_ENABLE_DETAIL_NORMALMAP SHADER_API_DESKTOP UNITY_COLORSPACE_GAMMA UNITY_LIGHT_PROBE_PROXY_VOLUME UNITY_LIGHTMAP_FULL_HDR ok=1
Cmd: compileSnippet
  api=4 type=0 insize=13689 outsize=706 kw= pd=UNITY_ENABLE_REFLECTION_BUFFERS UNITY_USE_DITHER_MASK_FOR_ALPHABLENDED_SHADOWS UNITY_PBS_USE_BRDF1 UNITY_SPECCUBE_BOX_PROJECTION UNITY_SPECCUBE_BLENDING UNITY_ENABLE_DETAIL_NORMALMAP SHADER_API_DESKTOP UNITY_COLORSPACE_GAMMA UNITY_LIGHT_PROBE_PROXY_VOLUME UNITY_LIGHTMAP_FULL_HDR ok=1
Cmd: compileSnippet
  api=4 type=0 insize=13520 outsize=1142 kw=UNITY_PASS_SHADOWCASTER pd=UNITY_ENABLE_REFLECTION_BUFFERS UNITY_USE_DITHER_MASK_FOR_ALPHABLENDED_SHADOWS UNITY_PBS_USE_BRDF1 UNITY_SPECCUBE_BOX_PROJECTION UNITY_SPECCUBE_BLENDING UNITY_ENABLE_DETAIL_NORMALMAP SHADER_API_DESKTOP UNITY_COLORSPACE_GAMMA UNITY_LIGHT_PROBE_PROXY_VOLUME UNITY_LIGHTMAP_FULL_HDR ok=1
Cmd: preprocess
  insize=4135 outsize=631 ok=1
Cmd: preprocess
  insize=42067 outsize=2038 ok=1
Cmd: preprocess
  insize=6457 outsize=625 ok=1
Cmd: preprocess
  insize=7295 outsize=623 ok=1
Cmd: preprocess
  insize=6914 outsize=622 ok=1
Cmd: preprocess
  insize=5655 outsize=628 ok=1
Cmd: compileSnippet
  error: 1 plat 4 at (176): 'TransformObjectToWorld': implicit truncation of vector type\nCompiling Vertex program
Platform defines: UNITY_ENABLE_REFLECTION_BUFFERS UNITY_USE_DITHER_MASK_FOR_ALPHABLENDED_SHADOWS UNITY_PBS_USE_BRDF1 UNITY_SPECCUBE_BOX_PROJECTION UNITY_SPECCUBE_BLENDING UNITY_ENABLE_DETAIL_NORMALMAP SHADER_API_DESKTOP UNITY_COLORSPACE_GAMMA UNITY_LIGHT_PROBE_PROXY_VOLUME UNITY_LIGHTMAP_FULL_HDR
  api=4 type=0 insize=7009 outsize=642 kw= pd=UNITY_ENABLE_REFLECTION_BUFFERS UNITY_USE_DITHER_MASK_FOR_ALPHABLENDED_SHADOWS UNITY_PBS_USE_BRDF1 UNITY_SPECCUBE_BOX_PROJECTION UNITY_SPECCUBE_BLENDING UNITY_ENABLE_DETAIL_NORMALMAP SHADER_API_DESKTOP UNITY_COLORSPACE_GAMMA UNITY_LIGHT_PROBE_PROXY_VOLUME UNITY_LIGHTMAP_FULL_HDR ok=1
Cmd: compileSnippet
  error: 1 plat 4 at (176): 'TransformObjectToWorld': implicit truncation of vector type\nCompiling Fragment program
Platform defines: UNITY_ENABLE_REFLECTION_BUFFERS UNITY_USE_DITHER_MASK_FOR_ALPHABLENDED_SHADOWS UNITY_PBS_USE_BRDF1 UNITY_SPECCUBE_BOX_PROJECTION UNITY_SPECCUBE_BLENDING UNITY_ENABLE_DETAIL_NORMALMAP SHADER_API_DESKTOP UNITY_COLORSPACE_GAMMA UNITY_LIGHT_PROBE_PROXY_VOLUME UNITY_LIGHTMAP_FULL_HDR
  api=4 type=1 insize=7009 outsize=3130 kw= pd=UNITY_ENABLE_REFLECTION_BUFFERS UNITY_USE_DITHER_MASK_FOR_ALPHABLENDED_SHADOWS UNITY_PBS_USE_BRDF1 UNITY_SPECCUBE_BOX_PROJECTION UNITY_SPECCUBE_BLENDING UNITY_ENABLE_DETAIL_NORMALMAP SHADER_API_DESKTOP UNITY_COLORSPACE_GAMMA UNITY_LIGHT_PROBE_PROXY_VOLUME UNITY_LIGHTMAP_FULL_HDR ok=1
Cmd: compileSnippet
  api=4 type=0 insize=13806 outsize=706 kw= pd=UNITY_ENABLE_REFLECTION_BUFFERS UNITY_USE_DITHER_MASK_FOR_ALPHABLENDED_SHADOWS UNITY_PBS_USE_BRDF1 UNITY_SPECCUBE_BOX_PROJECTION UNITY_SPECCUBE_BLENDING UNITY_ENABLE_DETAIL_NORMALMAP SHADER_API_DESKTOP UNITY_COLORSPACE_GAMMA UNITY_LIGHT_PROBE_PROXY_VOLUME UNITY_LIGHTMAP_FULL_HDR ok=1
Cmd: preprocess
  insize=811 outsize=209 ok=1
Cmd: preprocess
  insize=811 outsize=209 ok=1
Cmd: preprocess
  insize=811 outsize=209 ok=1
Cmd: preprocess
  insize=4155 outsize=631 ok=1
Cmd: preprocess
  insize=40866 outsize=2047 ok=1
Cmd: preprocess
  insize=811 outsize=209 ok=1
Cmd: preprocess
  insize=3786 outsize=622 ok=1
Cmd: preprocess
  insize=811 outsize=209 ok=1
Cmd: preprocess
  insize=4743 outsize=621 ok=1
Cmd: preprocess
  insize=28627 outsize=2039 ok=1
Cmd: preprocess
  insize=811 outsize=209 ok=1
Cmd: preprocess
  insize=7480 outsize=625 ok=1
Cmd: preprocess
  insize=5156 outsize=621 ok=1
Cmd: preprocess
  insize=3786 outsize=622 ok=1
Cmd: preprocess
  insize=5154 outsize=622 ok=1
Cmd: preprocess
  insize=8893 outsize=622 ok=1
Cmd: preprocess
  insize=7743 outsize=622 ok=1
Cmd: preprocess
  insize=8634 outsize=625 ok=1
Cmd: preprocess
  insize=8897 outsize=623 ok=1
Cmd: preprocess
  insize=3786 outsize=622 ok=1
Cmd: preprocess
  insize=8897 outsize=623 ok=1
Cmd: preprocess
  insize=811 outsize=209 ok=1
Cmd: preprocess
  insize=3786 outsize=622 ok=1
Cmd: preprocess
  insize=8897 outsize=623 ok=1
Cmd: preprocess
  insize=27812 outsize=2046 ok=1
Cmd: preprocess
  insize=8882 outsize=623 ok=1
Cmd: preprocess
  insize=811 outsize=209 ok=1
Cmd: preprocess
  insize=8895 outsize=623 ok=1
Cmd: preprocess
  insize=47503 outsize=2040 ok=1
Cmd: preprocess
  insize=28627 outsize=2039 ok=1
Cmd: preprocess
  insize=811 outsize=209 ok=1
Cmd: preprocess
  insize=811 outsize=209 ok=1
Cmd: preprocess
  insize=3786 outsize=621 ok=1
Cmd: preprocess
  insize=8897 outsize=623 ok=1
Cmd: preprocess
  insize=27812 outsize=2046 ok=1
Cmd: preprocess
  insize=27812 outsize=2046 ok=1
Cmd: preprocess
  insize=4141 outsize=624 ok=1
Cmd: preprocess
  insize=4729 outsize=614 ok=1
Cmd: preprocess
  insize=8620 outsize=618 ok=1
Cmd: preprocess
  insize=8883 outsize=616 ok=1
Cmd: preprocess
  insize=4121 outsize=624 ok=1
Cmd: preprocess
  insize=28578 outsize=2032 ok=1
Cmd: preprocess
  insize=6443 outsize=618 ok=1
Cmd: preprocess
  insize=7281 outsize=616 ok=1
Cmd: preprocess
  insize=6900 outsize=615 ok=1
Cmd: preprocess
  insize=5641 outsize=621 ok=1
Cmd: compileSnippet
  api=4 type=0 insize=8799 outsize=1026 kw=UNITY_PASS_SHADOWCASTER pd=UNITY_ENABLE_REFLECTION_BUFFERS UNITY_USE_DITHER_MASK_FOR_ALPHABLENDED_SHADOWS UNITY_PBS_USE_BRDF1 UNITY_SPECCUBE_BOX_PROJECTION UNITY_SPECCUBE_BLENDING UNITY_ENABLE_DETAIL_NORMALMAP SHADER_API_DESKTOP UNITY_COLORSPACE_GAMMA UNITY_LIGHT_PROBE_PROXY_VOLUME UNITY_LIGHTMAP_FULL_HDR ok=1
Cmd: preprocess
  insize=4121 outsize=614 ok=1
Cmd: preprocess
  insize=4709 outsize=604 ok=1
Cmd: preprocess
  insize=8590 outsize=608 ok=1
Cmd: preprocess
  insize=8853 outsize=606 ok=1
Cmd: preprocess
  insize=4101 outsize=614 ok=1
Cmd: preprocess
  insize=28538 outsize=2021 ok=1
Cmd: preprocess
  insize=6423 outsize=608 ok=1
Cmd: preprocess
  insize=7251 outsize=606 ok=1
Cmd: preprocess
  insize=6880 outsize=605 ok=1
Cmd: preprocess
  insize=5621 outsize=611 ok=1
Cmd: preprocess
  insize=27723 outsize=2029 ok=1
Cmd: preprocess
  insize=811 outsize=209 ok=1
Cmd: preprocess
  insize=811 outsize=209 ok=1
Cmd: preprocess
  insize=811 outsize=209 ok=1
Cmd: preprocess
  insize=811 outsize=209 ok=1
Cmd: preprocess
  insize=811 outsize=209 ok=1
Cmd: preprocess
  insize=811 outsize=209 ok=1
Cmd: preprocess
  insize=811 outsize=209 ok=1
Cmd: preprocess
  insize=811 outsize=209 ok=1
Cmd: preprocess
  insize=811 outsize=209 ok=1
Cmd: preprocess
  insize=811 outsize=209 ok=1
Cmd: preprocess
  insize=811 outsize=209 ok=1
Cmd: preprocess
  insize=811 outsize=209 ok=1
Cmd: preprocess
  insize=811 outsize=209 ok=1
Cmd: preprocess
  insize=811 outsize=209 ok=1
Cmd: preprocess
  insize=811 outsize=209 ok=1
Cmd: preprocess
  insize=811 outsize=209 ok=1
Cmd: preprocess
  insize=7251 outsize=606 ok=1
Cmd: preprocess
  insize=5621 outsize=611 ok=1
Cmd: preprocess
  insize=4101 outsize=614 ok=1
Cmd: preprocess
  insize=28538 outsize=2021 ok=1
Cmd: preprocess
  insize=6423 outsize=608 ok=1
Cmd: preprocess
  insize=6880 outsize=605 ok=1
Cmd: preprocess
  insize=4121 outsize=614 ok=1
Cmd: preprocess
  insize=8853 outsize=606 ok=1
Cmd: preprocess
  insize=4709 outsize=604 ok=1
Cmd: preprocess
  insize=8590 outsize=608 ok=1
Cmd: preprocess
  insize=4121 outsize=614 ok=1
Cmd: preprocess
  insize=4709 outsize=604 ok=1
Cmd: preprocess
  insize=8590 outsize=608 ok=1
Cmd: preprocess
  insize=8853 outsize=606 ok=1
Cmd: preprocess
  insize=4101 outsize=614 ok=1
Cmd: preprocess
  insize=28538 outsize=2021 ok=1
Cmd: preprocess
  insize=6423 outsize=608 ok=1
Cmd: preprocess
  insize=7251 outsize=606 ok=1
Cmd: preprocess
  insize=6880 outsize=605 ok=1
Cmd: preprocess
  insize=5621 outsize=611 ok=1
Cmd: preprocess
  insize=27723 outsize=2029 ok=1
Cmd: preprocess
  insize=811 outsize=209 ok=1
Cmd: preprocess
  insize=811 outsize=209 ok=1
Cmd: preprocess
  insize=811 outsize=209 ok=1
Cmd: preprocess
  insize=811 outsize=209 ok=1
Cmd: preprocess
  insize=811 outsize=209 ok=1
Cmd: preprocess
  insize=811 outsize=209 ok=1
Cmd: preprocess
  insize=811 outsize=209 ok=1
Cmd: preprocess
  insize=811 outsize=209 ok=1
Cmd: preprocess
  insize=811 outsize=209 ok=1
Cmd: preprocess
  insize=811 outsize=209 ok=1
Cmd: preprocess
  insize=811 outsize=209 ok=1
Cmd: preprocess
  insize=811 outsize=209 ok=1
Cmd: preprocess
  insize=811 outsize=209 ok=1
Cmd: preprocess
  insize=811 outsize=209 ok=1
Cmd: preprocess
  insize=811 outsize=209 ok=1
Cmd: preprocess
  insize=811 outsize=209 ok=1
Cmd: preprocess
  insize=7251 outsize=606 ok=1
Cmd: preprocess
  insize=5621 outsize=611 ok=1
Cmd: preprocess
  insize=4101 outsize=614 ok=1
Cmd: preprocess
  insize=28538 outsize=2021 ok=1
Cmd: preprocess
  insize=6423 outsize=608 ok=1
Cmd: preprocess
  insize=6880 outsize=605 ok=1
Cmd: preprocess
  insize=4121 outsize=614 ok=1
Cmd: preprocess
  insize=8853 outsize=606 ok=1
Cmd: preprocess
  insize=4709 outsize=604 ok=1
Cmd: preprocess
  insize=8590 outsize=608 ok=1
Cmd: preprocess
  insize=4121 outsize=614 ok=1
Cmd: preprocess
  insize=4709 outsize=604 ok=1
Cmd: preprocess
  insize=8590 outsize=608 ok=1
Cmd: preprocess
  insize=8853 outsize=606 ok=1
Cmd: preprocess
  insize=4101 outsize=614 ok=1
Cmd: preprocess
  insize=28538 outsize=2021 ok=1
Cmd: preprocess
  insize=6423 outsize=608 ok=1
Cmd: preprocess
  insize=7251 outsize=606 ok=1
Cmd: preprocess
  insize=6880 outsize=605 ok=1
Cmd: preprocess
  insize=5621 outsize=611 ok=1
Cmd: preprocess
  insize=811 outsize=209 ok=1
Cmd: preprocess
  insize=811 outsize=209 ok=1
Cmd: preprocess
  insize=811 outsize=209 ok=1
Cmd: preprocess
  insize=811 outsize=209 ok=1
Cmd: preprocess
  insize=811 outsize=209 ok=1
Cmd: preprocess
  insize=811 outsize=209 ok=1
Cmd: preprocess
  insize=811 outsize=209 ok=1
Cmd: preprocess
  insize=811 outsize=209 ok=1
Cmd: preprocess
  insize=811 outsize=209 ok=1
Cmd: preprocess
  insize=811 outsize=209 ok=1
Cmd: preprocess
  insize=811 outsize=209 ok=1
Cmd: preprocess
  insize=811 outsize=209 ok=1
Cmd: preprocess
  insize=811 outsize=209 ok=1
Cmd: preprocess
  insize=811 outsize=209 ok=1
Cmd: preprocess
  insize=811 outsize=209 ok=1
Cmd: preprocess
  insize=811 outsize=209 ok=1
Cmd: preprocess
  insize=7251 outsize=606 ok=1
Cmd: preprocess
  insize=5621 outsize=611 ok=1
Cmd: preprocess
  insize=4101 outsize=614 ok=1
Cmd: preprocess
  insize=28538 outsize=2021 ok=1
Cmd: preprocess
  insize=6423 outsize=608 ok=1
Cmd: preprocess
  insize=6880 outsize=605 ok=1
Cmd: preprocess
  insize=4121 outsize=614 ok=1
Cmd: preprocess
  insize=8853 outsize=606 ok=1
Cmd: preprocess
  insize=4709 outsize=604 ok=1
Cmd: preprocess
  insize=8590 outsize=608 ok=1
Cmd: preprocess
  insize=4121 outsize=614 ok=1
Cmd: preprocess
  insize=4709 outsize=604 ok=1
Cmd: preprocess
  insize=8590 outsize=608 ok=1
Cmd: preprocess
  insize=8853 outsize=606 ok=1
Cmd: preprocess
  insize=4101 outsize=614 ok=1
Cmd: preprocess
  insize=28538 outsize=2021 ok=1
Cmd: preprocess
  insize=6423 outsize=608 ok=1
Cmd: preprocess
  insize=7251 outsize=606 ok=1
Cmd: preprocess
  insize=6880 outsize=605 ok=1
Cmd: preprocess
  insize=5621 outsize=611 ok=1
Cmd: preprocess
  insize=27723 outsize=2029 ok=1
Cmd: preprocess
  insize=811 outsize=209 ok=1
Cmd: preprocess
  insize=811 outsize=209 ok=1
Cmd: preprocess
  insize=811 outsize=209 ok=1
Cmd: preprocess
  insize=811 outsize=209 ok=1
Cmd: preprocess
  insize=811 outsize=209 ok=1
Cmd: preprocess
  insize=811 outsize=209 ok=1
Cmd: preprocess
  insize=811 outsize=209 ok=1
Cmd: preprocess
  insize=811 outsize=209 ok=1
Cmd: preprocess
  insize=811 outsize=209 ok=1
Cmd: preprocess
  insize=811 outsize=209 ok=1
Cmd: preprocess
  insize=811 outsize=209 ok=1
Cmd: preprocess
  insize=811 outsize=209 ok=1
Cmd: preprocess
  insize=811 outsize=209 ok=1
Cmd: preprocess
  insize=811 outsize=209 ok=1
Cmd: preprocess
  insize=811 outsize=209 ok=1
Cmd: preprocess
  insize=811 outsize=209 ok=1
Cmd: preprocess
  insize=7251 outsize=606 ok=1
Cmd: preprocess
  insize=5621 outsize=611 ok=1
Cmd: preprocess
  insize=4101 outsize=614 ok=1
Cmd: preprocess
  insize=28538 outsize=2021 ok=1
Cmd: preprocess
  insize=6423 outsize=608 ok=1
Cmd: preprocess
  insize=6880 outsize=605 ok=1
Cmd: preprocess
  insize=4121 outsize=614 ok=1
Cmd: preprocess
  insize=8853 outsize=606 ok=1
Cmd: preprocess
  insize=4709 outsize=604 ok=1
Cmd: preprocess
  insize=8590 outsize=608 ok=1
Cmd: preprocess
  insize=4121 outsize=614 ok=1
Cmd: preprocess
  insize=4709 outsize=604 ok=1
Cmd: preprocess
  insize=8590 outsize=608 ok=1
Cmd: preprocess
  insize=8853 outsize=606 ok=1
Cmd: preprocess
  insize=4101 outsize=614 ok=1
Cmd: preprocess
  insize=28538 outsize=2021 ok=1
Cmd: preprocess
  insize=6423 outsize=608 ok=1
Cmd: preprocess
  insize=7251 outsize=606 ok=1
Cmd: preprocess
  insize=6880 outsize=605 ok=1
Cmd: preprocess
  insize=5621 outsize=611 ok=1
Cmd: preprocess
  insize=811 outsize=209 ok=1
Cmd: preprocess
  insize=811 outsize=209 ok=1
Cmd: preprocess
  insize=811 outsize=209 ok=1
Cmd: preprocess
  insize=811 outsize=209 ok=1
Cmd: preprocess
  insize=811 outsize=209 ok=1
Cmd: preprocess
  insize=811 outsize=209 ok=1
Cmd: preprocess
  insize=811 outsize=209 ok=1
Cmd: preprocess
  insize=811 outsize=209 ok=1
Cmd: preprocess
  insize=811 outsize=209 ok=1
Cmd: preprocess
  insize=811 outsize=209 ok=1
Cmd: preprocess
  insize=811 outsize=209 ok=1
Cmd: preprocess
  insize=811 outsize=209 ok=1
Cmd: preprocess
  insize=811 outsize=209 ok=1
Cmd: preprocess
  insize=811 outsize=209 ok=1
Cmd: preprocess
  insize=811 outsize=209 ok=1
Cmd: preprocess
  insize=811 outsize=209 ok=1
Cmd: preprocess
  insize=7251 outsize=606 ok=1
Cmd: preprocess
  insize=5621 outsize=611 ok=1
Cmd: preprocess
  insize=4101 outsize=614 ok=1
Cmd: preprocess
  insize=28538 outsize=2021 ok=1
Cmd: preprocess
  insize=6423 outsize=608 ok=1
Cmd: preprocess
  insize=6880 outsize=605 ok=1
Cmd: preprocess
  insize=4121 outsize=614 ok=1
Cmd: preprocess
  insize=8853 outsize=606 ok=1
Cmd: preprocess
  insize=4709 outsize=604 ok=1
Cmd: preprocess
  insize=8590 outsize=608 ok=1
Cmd: preprocess
  insize=4121 outsize=614 ok=1
Cmd: preprocess
  insize=4709 outsize=604 ok=1
Cmd: preprocess
  insize=8590 outsize=608 ok=1
Cmd: preprocess
  insize=8853 outsize=606 ok=1
Cmd: preprocess
  insize=4101 outsize=614 ok=1
Cmd: preprocess
  insize=28538 outsize=2021 ok=1
Cmd: preprocess
  insize=6423 outsize=608 ok=1
Cmd: preprocess
  insize=7251 outsize=606 ok=1
Cmd: preprocess
  insize=6880 outsize=605 ok=1
Cmd: preprocess
  insize=5621 outsize=611 ok=1
Cmd: preprocess
  insize=811 outsize=209 ok=1
Cmd: preprocess
  insize=811 outsize=209 ok=1
Cmd: preprocess
  insize=811 outsize=209 ok=1
Cmd: preprocess
  insize=811 outsize=209 ok=1
Cmd: preprocess
  insize=811 outsize=209 ok=1
Cmd: preprocess
  insize=811 outsize=209 ok=1
Cmd: preprocess
  insize=811 outsize=209 ok=1
Cmd: preprocess
  insize=811 outsize=209 ok=1
Cmd: preprocess
  insize=811 outsize=209 ok=1
Cmd: preprocess
  insize=811 outsize=209 ok=1
Cmd: preprocess
  insize=811 outsize=209 ok=1
Cmd: preprocess
  insize=811 outsize=209 ok=1
Cmd: preprocess
  insize=811 outsize=209 ok=1
Cmd: preprocess
  insize=811 outsize=209 ok=1
Cmd: preprocess
  insize=811 outsize=209 ok=1
Cmd: preprocess
  insize=811 outsize=209 ok=1
Cmd: preprocess
  insize=7251 outsize=606 ok=1
Cmd: preprocess
  insize=5621 outsize=611 ok=1
Cmd: preprocess
  insize=4101 outsize=614 ok=1
Cmd: preprocess
  insize=28538 outsize=2021 ok=1
Cmd: preprocess
  insize=6423 outsize=608 ok=1
Cmd: preprocess
  insize=6880 outsize=605 ok=1
Cmd: preprocess
  insize=4121 outsize=614 ok=1
Cmd: preprocess
  insize=8853 outsize=606 ok=1
Cmd: preprocess
  insize=4709 outsize=604 ok=1
Cmd: preprocess
  insize=8590 outsize=608 ok=1
Cmd: preprocess
  insize=4121 outsize=614 ok=1
Cmd: preprocess
  insize=4709 outsize=604 ok=1
Cmd: preprocess
  insize=8590 outsize=608 ok=1
Cmd: preprocess
  insize=8853 outsize=606 ok=1
Cmd: preprocess
  insize=4101 outsize=614 ok=1
Cmd: preprocess
  insize=28538 outsize=2021 ok=1
Cmd: preprocess
  insize=6423 outsize=608 ok=1
Cmd: preprocess
  insize=7251 outsize=606 ok=1
Cmd: preprocess
  insize=6880 outsize=605 ok=1
Cmd: preprocess
  insize=5621 outsize=611 ok=1
Cmd: preprocess
  insize=811 outsize=209 ok=1
Cmd: preprocess
  insize=811 outsize=209 ok=1
Cmd: preprocess
  insize=811 outsize=209 ok=1
Cmd: preprocess
  insize=811 outsize=209 ok=1
Cmd: preprocess
  insize=811 outsize=209 ok=1
Cmd: preprocess
  insize=811 outsize=209 ok=1
Cmd: preprocess
  insize=811 outsize=209 ok=1
Cmd: preprocess
  insize=811 outsize=209 ok=1
Cmd: preprocess
  insize=811 outsize=209 ok=1
Cmd: preprocess
  insize=811 outsize=209 ok=1
Cmd: preprocess
  insize=811 outsize=209 ok=1
Cmd: preprocess
  insize=811 outsize=209 ok=1
Cmd: preprocess
  insize=811 outsize=209 ok=1
Cmd: preprocess
  insize=811 outsize=209 ok=1
Cmd: preprocess
  insize=811 outsize=209 ok=1
Cmd: preprocess
  insize=811 outsize=209 ok=1
Cmd: preprocess
  insize=7251 outsize=606 ok=1
Cmd: preprocess
  insize=5621 outsize=611 ok=1
Cmd: preprocess
  insize=4101 outsize=614 ok=1
Cmd: preprocess
  insize=28538 outsize=2021 ok=1
Cmd: preprocess
  insize=6423 outsize=608 ok=1
Cmd: preprocess
  insize=6880 outsize=605 ok=1
Cmd: preprocess
  insize=4121 outsize=614 ok=1
Cmd: preprocess
  insize=8853 outsize=606 ok=1
Cmd: preprocess
  insize=4709 outsize=604 ok=1
Cmd: preprocess
  insize=8590 outsize=608 ok=1
Cmd: preprocess
  insize=4121 outsize=614 ok=1
Cmd: preprocess
  insize=4709 outsize=604 ok=1
Cmd: preprocess
  insize=8590 outsize=608 ok=1
Cmd: preprocess
  insize=8853 outsize=606 ok=1
Cmd: preprocess
  insize=4101 outsize=614 ok=1
Cmd: preprocess
  insize=28538 outsize=2021 ok=1
Cmd: preprocess
  insize=6423 outsize=608 ok=1
Cmd: preprocess
  insize=7251 outsize=606 ok=1
Cmd: preprocess
  insize=6880 outsize=605 ok=1
Cmd: preprocess
  insize=5621 outsize=611 ok=1
Cmd: preprocess
  insize=47390 outsize=2023 ok=1
Cmd: preprocess
  insize=811 outsize=209 ok=1
Cmd: preprocess
  insize=811 outsize=209 ok=1
Cmd: preprocess
  insize=811 outsize=209 ok=1
Cmd: preprocess
  insize=811 outsize=209 ok=1
Cmd: preprocess
  insize=811 outsize=209 ok=1
Cmd: preprocess
  insize=811 outsize=209 ok=1
Cmd: preprocess
  insize=811 outsize=209 ok=1
Cmd: preprocess
  insize=811 outsize=209 ok=1
Cmd: preprocess
  insize=811 outsize=209 ok=1
Cmd: preprocess
  insize=811 outsize=209 ok=1
Cmd: preprocess
  insize=811 outsize=209 ok=1
Cmd: preprocess
  insize=811 outsize=209 ok=1
Cmd: preprocess
  insize=811 outsize=209 ok=1
Cmd: preprocess
  insize=811 outsize=209 ok=1
Cmd: preprocess
  insize=811 outsize=209 ok=1
Cmd: preprocess
  insize=811 outsize=209 ok=1
Cmd: preprocess
  insize=7251 outsize=606 ok=1
Cmd: preprocess
  insize=5621 outsize=611 ok=1
Cmd: preprocess
  insize=4101 outsize=614 ok=1
Cmd: preprocess
  insize=47390 outsize=2023 ok=1
Cmd: preprocess
  insize=6423 outsize=608 ok=1
Cmd: preprocess
  insize=6880 outsize=605 ok=1
Cmd: preprocess
  insize=4121 outsize=614 ok=1
Cmd: preprocess
  insize=8853 outsize=606 ok=1
Cmd: preprocess
  insize=4709 outsize=604 ok=1
Cmd: preprocess
  insize=8590 outsize=608 ok=1
Cmd: preprocess
  insize=4121 outsize=614 ok=1
Cmd: preprocess
  insize=4709 outsize=604 ok=1
Cmd: preprocess
  insize=8590 outsize=608 ok=1
Cmd: preprocess
  insize=8853 outsize=606 ok=1
Cmd: preprocess
  insize=47390 outsize=2023 ok=1
Cmd: preprocess
  insize=4101 outsize=614 ok=1
Cmd: preprocess
  insize=6423 outsize=608 ok=1
Cmd: preprocess
  insize=7251 outsize=606 ok=1
Cmd: preprocess
  insize=6880 outsize=605 ok=1
Cmd: preprocess
  insize=5621 outsize=611 ok=1
Cmd: preprocess
  insize=45421 outsize=2029 ok=1
Cmd: compileSnippet
  api=4 type=0 insize=14758 outsize=1142 kw=UNITY_PASS_SHADOWCASTER pd=UNITY_ENABLE_REFLECTION_BUFFERS UNITY_USE_DITHER_MASK_FOR_ALPHABLENDED_SHADOWS UNITY_PBS_USE_BRDF1 UNITY_SPECCUBE_BOX_PROJECTION UNITY_SPECCUBE_BLENDING UNITY_ENABLE_DETAIL_NORMALMAP SHADER_API_DESKTOP UNITY_COLORSPACE_GAMMA UNITY_LIGHT_PROBE_PROXY_VOLUME UNITY_LIGHTMAP_FULL_HDR ok=1
Cmd: compileSnippet
  api=4 type=1 insize=14758 outsize=3246 kw=UNITY_PASS_SHADOWCASTER pd=UNITY_ENABLE_REFLECTION_BUFFERS UNITY_USE_DITHER_MASK_FOR_ALPHABLENDED_SHADOWS UNITY_PBS_USE_BRDF1 UNITY_SPECCUBE_BOX_PROJECTION UNITY_SPECCUBE_BLENDING UNITY_ENABLE_DETAIL_NORMALMAP SHADER_API_DESKTOP UNITY_COLORSPACE_GAMMA UNITY_LIGHT_PROBE_PROXY_VOLUME UNITY_LIGHTMAP_FULL_HDR ok=1
Cmd: compileSnippet
  api=4 type=0 insize=14927 outsize=706 kw= pd=UNITY_ENABLE_REFLECTION_BUFFERS UNITY_USE_DITHER_MASK_FOR_ALPHABLENDED_SHADOWS UNITY_PBS_USE_BRDF1 UNITY_SPECCUBE_BOX_PROJECTION UNITY_SPECCUBE_BLENDING UNITY_ENABLE_DETAIL_NORMALMAP SHADER_API_DESKTOP UNITY_COLORSPACE_GAMMA UNITY_LIGHT_PROBE_PROXY_VOLUME UNITY_LIGHTMAP_FULL_HDR ok=1
Cmd: compileSnippet
  api=4 type=1 insize=14927 outsize=3286 kw= pd=UNITY_ENABLE_REFLECTION_BUFFERS UNITY_USE_DITHER_MASK_FOR_ALPHABLENDED_SHADOWS UNITY_PBS_USE_BRDF1 UNITY_SPECCUBE_BOX_PROJECTION UNITY_SPECCUBE_BLENDING UNITY_ENABLE_DETAIL_NORMALMAP SHADER_API_DESKTOP UNITY_COLORSPACE_GAMMA UNITY_LIGHT_PROBE_PROXY_VOLUME UNITY_LIGHTMAP_FULL_HDR ok=1
Cmd: preprocess
  insize=811 outsize=209 ok=1
Cmd: preprocess
  insize=811 outsize=209 ok=1
Cmd: preprocess
  insize=811 outsize=209 ok=1
Cmd: preprocess
  insize=811 outsize=209 ok=1
Cmd: preprocess
  insize=811 outsize=209 ok=1
Cmd: preprocess
  insize=811 outsize=209 ok=1
Cmd: preprocess
  insize=811 outsize=209 ok=1
Cmd: preprocess
  insize=811 outsize=209 ok=1
Cmd: preprocess
  insize=811 outsize=209 ok=1
Cmd: preprocess
  insize=811 outsize=209 ok=1
Cmd: preprocess
  insize=811 outsize=209 ok=1
Cmd: preprocess
  insize=811 outsize=209 ok=1
Cmd: preprocess
  insize=811 outsize=209 ok=1
Cmd: preprocess
  insize=811 outsize=209 ok=1
Cmd: preprocess
  insize=811 outsize=209 ok=1
Cmd: preprocess
  insize=811 outsize=209 ok=1
Cmd: preprocess
  insize=7251 outsize=606 ok=1
Cmd: preprocess
  insize=5621 outsize=611 ok=1
Cmd: preprocess
  insize=4101 outsize=614 ok=1
Cmd: preprocess
  insize=47390 outsize=2023 ok=1
Cmd: preprocess
  insize=6423 outsize=608 ok=1
Cmd: preprocess
  insize=6880 outsize=605 ok=1
Cmd: preprocess
  insize=4121 outsize=614 ok=1
Cmd: preprocess
  insize=8853 outsize=606 ok=1
Cmd: preprocess
  insize=4709 outsize=604 ok=1
Cmd: preprocess
  insize=8590 outsize=608 ok=1
Cmd: preprocess
  insize=4121 outsize=614 ok=1
Cmd: preprocess
  insize=4709 outsize=604 ok=1
Cmd: preprocess
  insize=8590 outsize=608 ok=1
Cmd: preprocess
  insize=8853 outsize=606 ok=1
Cmd: preprocess
  insize=47390 outsize=2023 ok=1
Cmd: preprocess
  insize=4101 outsize=614 ok=1
Cmd: preprocess
  insize=6423 outsize=608 ok=1
Cmd: preprocess
  insize=7251 outsize=606 ok=1
Cmd: preprocess
  insize=6880 outsize=605 ok=1
Cmd: preprocess
  insize=5621 outsize=611 ok=1
Cmd: preprocess
  insize=811 outsize=209 ok=1
Cmd: preprocess
  insize=811 outsize=209 ok=1
Cmd: preprocess
  insize=811 outsize=209 ok=1
Cmd: preprocess
  insize=811 outsize=209 ok=1
Cmd: preprocess
  insize=811 outsize=209 ok=1
Cmd: preprocess
  insize=811 outsize=209 ok=1
Cmd: preprocess
  insize=811 outsize=209 ok=1
Cmd: preprocess
  insize=811 outsize=209 ok=1
Cmd: preprocess
  insize=811 outsize=209 ok=1
Cmd: preprocess
  insize=811 outsize=209 ok=1
Cmd: preprocess
  insize=811 outsize=209 ok=1
Cmd: preprocess
  insize=811 outsize=209 ok=1
Cmd: preprocess
  insize=811 outsize=209 ok=1
Cmd: preprocess
  insize=811 outsize=209 ok=1
Cmd: preprocess
  insize=811 outsize=209 ok=1
Cmd: preprocess
  insize=811 outsize=209 ok=1
Cmd: preprocess
  insize=7251 outsize=606 ok=1
Cmd: preprocess
  insize=5621 outsize=611 ok=1
Cmd: preprocess
  insize=4101 outsize=614 ok=1
Cmd: preprocess
  insize=47390 outsize=2023 ok=1
Cmd: preprocess
  insize=6423 outsize=608 ok=1
Cmd: preprocess
  insize=6880 outsize=605 ok=1
Cmd: preprocess
  insize=4121 outsize=614 ok=1
Cmd: preprocess
  insize=8853 outsize=606 ok=1
Cmd: preprocess
  insize=4709 outsize=604 ok=1
Cmd: preprocess
  insize=8590 outsize=608 ok=1
Cmd: preprocess
  insize=4121 outsize=614 ok=1
Cmd: preprocess
  insize=4709 outsize=604 ok=1
Cmd: preprocess
  insize=8590 outsize=608 ok=1
Cmd: preprocess
  insize=8853 outsize=606 ok=1
Cmd: preprocess
  insize=47390 outsize=2023 ok=1
Cmd: preprocess
  insize=4101 outsize=614 ok=1
Cmd: preprocess
  insize=6423 outsize=608 ok=1
Cmd: preprocess
  insize=7251 outsize=606 ok=1
Cmd: preprocess
  insize=6880 outsize=605 ok=1
Cmd: preprocess
  insize=5621 outsize=611 ok=1
Cmd: preprocess
  insize=811 outsize=209 ok=1
Cmd: preprocess
  insize=811 outsize=209 ok=1
Cmd: preprocess
  insize=811 outsize=209 ok=1
Cmd: preprocess
  insize=811 outsize=209 ok=1
Cmd: preprocess
  insize=811 outsize=209 ok=1
Cmd: preprocess
  insize=811 outsize=209 ok=1
Cmd: preprocess
  insize=811 outsize=209 ok=1
Cmd: preprocess
  insize=811 outsize=209 ok=1
Cmd: preprocess
  insize=811 outsize=209 ok=1
Cmd: preprocess
  insize=811 outsize=209 ok=1
Cmd: preprocess
  insize=811 outsize=209 ok=1
Cmd: preprocess
  insize=811 outsize=209 ok=1
Cmd: preprocess
  insize=811 outsize=209 ok=1
Cmd: preprocess
  insize=811 outsize=209 ok=1
Cmd: preprocess
  insize=811 outsize=209 ok=1
Cmd: preprocess
  insize=811 outsize=209 ok=1
Cmd: preprocess
  insize=7251 outsize=606 ok=1
Cmd: preprocess
  insize=5621 outsize=611 ok=1
Cmd: preprocess
  insize=4101 outsize=614 ok=1
Cmd: preprocess
  insize=47390 outsize=2023 ok=1
Cmd: preprocess
  insize=6423 outsize=608 ok=1
Cmd: preprocess
  insize=6880 outsize=605 ok=1
Cmd: preprocess
  insize=4121 outsize=614 ok=1
Cmd: preprocess
  insize=8853 outsize=606 ok=1
Cmd: preprocess
  insize=4709 outsize=604 ok=1
Cmd: preprocess
  insize=8590 outsize=608 ok=1
Cmd: preprocess
  insize=4121 outsize=614 ok=1
Cmd: preprocess
  insize=4709 outsize=604 ok=1
Cmd: preprocess
  insize=8590 outsize=608 ok=1
Cmd: preprocess
  insize=8853 outsize=606 ok=1
Cmd: preprocess
  insize=47390 outsize=2023 ok=1
Cmd: preprocess
  insize=4101 outsize=614 ok=1
Cmd: preprocess
  insize=6423 outsize=608 ok=1
Cmd: preprocess
  insize=7251 outsize=606 ok=1
Cmd: preprocess
  insize=6880 outsize=605 ok=1
Cmd: preprocess
  insize=5621 outsize=611 ok=1
